2025-12-16 13:30:02,633 - __main__ - INFO - Запуск бота...
2025-12-16 13:30:03,653 - httpx - INFO - HTTP Request: POST https://api.telegram.org/bot8298002084:AAGv1V8mWeBfuJbTNBILyE5vtUTvg54Luhk/getMe "HTTP/1.1 200 OK"
2025-12-16 13:30:03,707 - httpx - INFO - HTTP Request: POST https://api.telegram.org/bot8298002084:AAGv1V8mWeBfuJbTNBILyE5vtUTvg54Luhk/deleteWebhook "HTTP/1.1 200 OK"
2025-12-16 13:30:03,711 - telegram.ext.Application - INFO - Application started
2025-12-16 13:30:13,190 - httpx - INFO - HTTP Request: POST https://api.telegram.org/bot8298002084:AAGv1V8mWeBfuJbTNBILyE5vtUTvg54Luhk/getUpdates "HTTP/1.1 200 OK"
2025-12-16 13:30:13,344 - httpx - INFO - HTTP Request: POST https://api.telegram.org/bot8298002084:AAGv1V8mWeBfuJbTNBILyE5vtUTvg54Luhk/sendMessage "HTTP/1.1 200 OK"
2025-12-16 13:30:13,399 - httpx - INFO - HTTP Request: POST https://api.telegram.org/bot8298002084:AAGv1V8mWeBfuJbTNBILyE5vtUTvg54Luhk/editMessageText "HTTP/1.1 400 Bad Request"
2025-12-16 13:30:13,475 - httpx - INFO - HTTP Request: POST https://api.telegram.org/bot8298002084:AAGv1V8mWeBfuJbTNBILyE5vtUTvg54Luhk/sendMessage "HTTP/1.1 200 OK"
2025-12-16 13:30:13,530 - httpx - INFO - HTTP Request: POST https://api.telegram.org/bot8298002084:AAGv1V8mWeBfuJbTNBILyE5vtUTvg54Luhk/editMessageText "HTTP/1.1 200 OK"
2025-12-16 13:30:13,580 - httpx - INFO - HTTP Request: POST https://api.telegram.org/bot8298002084:AAGv1V8mWeBfuJbTNBILyE5vtUTvg54Luhk/editMessageText "HTTP/1.1 400 Bad Request"
2025-12-16 13:30:13,654 - httpx - INFO - HTTP Request: POST https://api.telegram.org/bot8298002084:AAGv1V8mWeBfuJbTNBILyE5vtUTvg54Luhk/sendMessage "HTTP/1.1 200 OK"
2025-12-16 13:30:16,331 - httpx - INFO - HTTP Request: POST https://api.telegram.org/bot8298002084:AAGv1V8mWeBfuJbTNBILyE5vtUTvg54Luhk/getUpdates "HTTP/1.1 200 OK"
2025-12-16 13:30:16,400 - httpx - INFO - HTTP Request: POST https://api.telegram.org/bot8298002084:AAGv1V8mWeBfuJbTNBILyE5vtUTvg54Luhk/sendMessage "HTTP/1.1 200 OK"
2025-12-16 13:30:26,370 - httpx - INFO - HTTP Request: POST https://api.telegram.org/bot8298002084:AAGv1V8mWeBfuJbTNBILyE5vtUTvg54Luhk/getUpdates "HTTP/1.1 200 OK"
2025-12-16 13:30:36,408 - httpx - INFO - HTTP Request: POST https://api.telegram.org/bot8298002084:AAGv1V8mWeBfuJbTNBILyE5vtUTvg54Luhk/getUpdates "HTTP/1.1 200 OK"
2025-12-16 13:30:46,447 - httpx - INFO - HTTP Request: POST https://api.telegram.org/bot8298002084:AAGv1V8mWeBfuJbTNBILyE5vtUTvg54Luhk/getUpdates "HTTP/1.1 200 OK"
2025-12-16 13:30:56,482 - httpx - INFO - HTTP Request: POST https://api.telegram.org/bot8298002084:AAGv1V8mWeBfuJbTNBILyE5vtUTvg54Luhk/getUpdates "HTTP/1.1 200 OK"
2025-12-16 13:31:05,069 - httpx - INFO - HTTP Request: POST https://api.telegram.org/bot8298002084:AAGv1V8mWeBfuJbTNBILyE5vtUTvg54Luhk/getUpdates "HTTP/1.1 200 OK"
2025-12-16 13:31:05,251 - httpx - INFO - HTTP Request: POST https://api.telegram.org/bot8298002084:AAGv1V8mWeBfuJbTNBILyE5vtUTvg54Luhk/sendMessage "HTTP/1.1 200 OK"
2025-12-16 13:31:10,344 - httpx - INFO - HTTP Request: POST https://api.telegram.org/bot8298002084:AAGv1V8mWeBfuJbTNBILyE5vtUTvg54Luhk/getUpdates "HTTP/1.1 200 OK"
2025-12-16 13:31:10,486 - httpx - INFO - HTTP Request: POST https://api.telegram.org/bot8298002084:AAGv1V8mWeBfuJbTNBILyE5vtUTvg54Luhk/sendMessage "HTTP/1.1 200 OK"
2025-12-16 13:31:13,891 - httpx - INFO - HTTP Request: POST https://api.telegram.org/bot8298002084:AAGv1V8mWeBfuJbTNBILyE5vtUTvg54Luhk/getUpdates "HTTP/1.1 200 OK"
2025-12-16 13:31:13,989 - httpx - INFO - HTTP Request: POST https://api.telegram.org/bot8298002084:AAGv1V8mWeBfuJbTNBILyE5vtUTvg54Luhk/sendMessage "HTTP/1.1 200 OK"
2025-12-16 13:31:23,928 - httpx - INFO - HTTP Request: POST https://api.telegram.org/bot8298002084:AAGv1V8mWeBfuJbTNBILyE5vtUTvg54Luhk/getUpdates "HTTP/1.1 200 OK"
2025-12-16 13:31:33,968 - httpx - INFO - HTTP Request: POST https://api.telegram.org/bot8298002084:AAGv1V8mWeBfuJbTNBILyE5vtUTvg54Luhk/getUpdates "HTTP/1.1 200 OK"
2025-12-16 13:31:44,011 - httpx - INFO - HTTP Request: POST https://api.telegram.org/bot8298002084:AAGv1V8mWeBfuJbTNBILyE5vtUTvg54Luhk/getUpdates "HTTP/1.1 200 OK"
2025-12-16 13:31:54,045 - httpx - INFO - HTTP Request: POST https://api.telegram.org/bot8298002084:AAGv1V8mWeBfuJbTNBILyE5vtUTvg54Luhk/getUpdates "HTTP/1.1 200 OK"
2025-12-16 13:32:04,081 - httpx - INFO - HTTP Request: POST https://api.telegram.org/bot8298002084:AAGv1V8mWeBfuJbTNBILyE5vtUTvg54Luhk/getUpdates "HTTP/1.1 200 OK"
2025-12-16 13:32:14,117 - httpx - INFO - HTTP Request: POST https://api.telegram.org/bot8298002084:AAGv1V8mWeBfuJbTNBILyE5vtUTvg54Luhk/getUpdates "HTTP/1.1 200 OK"
2025-12-16 13:32:24,152 - httpx - INFO - HTTP Request: POST https://api.telegram.org/bot8298002084:AAGv1V8mWeBfuJbTNBILyE5vtUTvg54Luhk/getUpdates "HTTP/1.1 200 OK"
2025-12-16 13:32:34,189 - httpx - INFO - HTTP Request: POST https://api.telegram.org/bot8298002084:AAGv1V8mWeBfuJbTNBILyE5vtUTvg54Luhk/getUpdates "HTTP/1.1 200 OK"
2025-12-16 13:32:44,246 - httpx - INFO - HTTP Request: POST https://api.telegram.org/bot8298002084:AAGv1V8mWeBfuJbTNBILyE5vtUTvg54Luhk/getUpdates "HTTP/1.1 200 OK"
2025-12-16 13:32:54,295 - httpx - INFO - HTTP Request: POST https://api.telegram.org/bot8298002084:AAGv1V8mWeBfuJbTNBILyE5vtUTvg54Luhk/getUpdates "HTTP/1.1 200 OK"
2025-12-16 13:33:02,177 - httpx - INFO - HTTP Request: POST https://api.telegram.org/bot8298002084:AAGv1V8mWeBfuJbTNBILyE5vtUTvg54Luhk/getUpdates "HTTP/1.1 200 OK"
2025-12-16 13:33:02,178 - telegram.ext.Application - INFO - Application is stopping. This might take a moment.
2025-12-16 13:33:02,178 - telegram.ext.Application - INFO - Application.stop() complete
2025-12-18 15:17:35,821 - __main__ - INFO - Запуск бота...
2025-12-18 15:17:36,955 - httpx - INFO - HTTP Request: POST https://api.telegram.org/bot8298002084:AAGv1V8mWeBfuJbTNBILyE5vtUTvg54Luhk/getMe "HTTP/1.1 200 OK"
2025-12-18 15:17:37,001 - httpx - INFO - HTTP Request: POST https://api.telegram.org/bot8298002084:AAGv1V8mWeBfuJbTNBILyE5vtUTvg54Luhk/deleteWebhook "HTTP/1.1 200 OK"
2025-12-18 15:17:37,005 - telegram.ext.Application - INFO - Application started
2025-12-18 15:17:41,185 - httpx - INFO - HTTP Request: POST https://api.telegram.org/bot8298002084:AAGv1V8mWeBfuJbTNBILyE5vtUTvg54Luhk/getUpdates "HTTP/1.1 409 Conflict"
2025-12-18 15:17:41,189 - telegram.ext.Application - ERROR - No error handlers are registered, logging exception.
Traceback (most recent call last):
  File "C:\Users\salig\PycharmProjects\wallet\.venv\Lib\site-packages\telegram\ext\_utils\networkloop.py", line 134, in network_retry_loop
    await do_action()
  File "C:\Users\salig\PycharmProjects\wallet\.venv\Lib\site-packages\telegram\ext\_utils\networkloop.py", line 127, in do_action
    action_cb_task.result()
  File "C:\Users\salig\PycharmProjects\wallet\.venv\Lib\site-packages\telegram\ext\_updater.py", line 340, in polling_action_cb
    updates = await self.bot.get_updates(
              ^^^^^^^^^^^^^^^^^^^^^^^^^^^
  File "C:\Users\salig\PycharmProjects\wallet\.venv\Lib\site-packages\telegram\ext\_extbot.py", line 676, in get_updates
    updates = await super().get_updates(
              ^^^^^^^^^^^^^^^^^^^^^^^^^^
  File "C:\Users\salig\PycharmProjects\wallet\.venv\Lib\site-packages\telegram\_bot.py", line 4780, in get_updates
    await self._post(
  File "C:\Users\salig\PycharmProjects\wallet\.venv\Lib\site-packages\telegram\_bot.py", line 703, in _post
    return await self._do_post(
           ^^^^^^^^^^^^^^^^^^^^
  File "C:\Users\salig\PycharmProjects\wallet\.venv\Lib\site-packages\telegram\ext\_extbot.py", line 372, in _do_post
    return await super()._do_post(
           ^^^^^^^^^^^^^^^^^^^^^^^
  File "C:\Users\salig\PycharmProjects\wallet\.venv\Lib\site-packages\telegram\_bot.py", line 732, in _do_post
    result = await request.post(
             ^^^^^^^^^^^^^^^^^^^
  File "C:\Users\salig\PycharmProjects\wallet\.venv\Lib\site-packages\telegram\request\_baserequest.py", line 198, in post
    result = await self._request_wrapper(
             ^^^^^^^^^^^^^^^^^^^^^^^^^^^^
  File "C:\Users\salig\PycharmProjects\wallet\.venv\Lib\site-packages\telegram\request\_baserequest.py", line 375, in _request_wrapper
    raise exception
telegram.error.Conflict: Conflict: terminated by other getUpdates request; make sure that only one bot instance is running
2025-12-18 15:17:46,801 - httpx - INFO - HTTP Request: POST https://api.telegram.org/bot8298002084:AAGv1V8mWeBfuJbTNBILyE5vtUTvg54Luhk/getUpdates "HTTP/1.1 409 Conflict"
2025-12-18 15:17:46,805 - telegram.ext.Application - ERROR - No error handlers are registered, logging exception.
Traceback (most recent call last):
  File "C:\Users\salig\PycharmProjects\wallet\.venv\Lib\site-packages\telegram\ext\_utils\networkloop.py", line 134, in network_retry_loop
    await do_action()
  File "C:\Users\salig\PycharmProjects\wallet\.venv\Lib\site-packages\telegram\ext\_utils\networkloop.py", line 127, in do_action
    action_cb_task.result()
  File "C:\Users\salig\PycharmProjects\wallet\.venv\Lib\site-packages\telegram\ext\_updater.py", line 340, in polling_action_cb
    updates = await self.bot.get_updates(
              ^^^^^^^^^^^^^^^^^^^^^^^^^^^
  File "C:\Users\salig\PycharmProjects\wallet\.venv\Lib\site-packages\telegram\ext\_extbot.py", line 676, in get_updates
    updates = await super().get_updates(
              ^^^^^^^^^^^^^^^^^^^^^^^^^^
  File "C:\Users\salig\PycharmProjects\wallet\.venv\Lib\site-packages\telegram\_bot.py", line 4780, in get_updates
    await self._post(
  File "C:\Users\salig\PycharmProjects\wallet\.venv\Lib\site-packages\telegram\_bot.py", line 703, in _post
    return await self._do_post(
           ^^^^^^^^^^^^^^^^^^^^
  File "C:\Users\salig\PycharmProjects\wallet\.venv\Lib\site-packages\telegram\ext\_extbot.py", line 372, in _do_post
    return await super()._do_post(
           ^^^^^^^^^^^^^^^^^^^^^^^
  File "C:\Users\salig\PycharmProjects\wallet\.venv\Lib\site-packages\telegram\_bot.py", line 732, in _do_post
    result = await request.post(
             ^^^^^^^^^^^^^^^^^^^
  File "C:\Users\salig\PycharmProjects\wallet\.venv\Lib\site-packages\telegram\request\_baserequest.py", line 198, in post
    result = await self._request_wrapper(
             ^^^^^^^^^^^^^^^^^^^^^^^^^^^^
  File "C:\Users\salig\PycharmProjects\wallet\.venv\Lib\site-packages\telegram\request\_baserequest.py", line 375, in _request_wrapper
    raise exception
telegram.error.Conflict: Conflict: terminated by other getUpdates request; make sure that only one bot instance is running
2025-12-18 15:17:53,674 - httpx - INFO - HTTP Request: POST https://api.telegram.org/bot8298002084:AAGv1V8mWeBfuJbTNBILyE5vtUTvg54Luhk/getUpdates "HTTP/1.1 409 Conflict"
2025-12-18 15:17:53,675 - telegram.ext.Application - ERROR - No error handlers are registered, logging exception.
Traceback (most recent call last):
  File "C:\Users\salig\PycharmProjects\wallet\.venv\Lib\site-packages\telegram\ext\_utils\networkloop.py", line 134, in network_retry_loop
    await do_action()
  File "C:\Users\salig\PycharmProjects\wallet\.venv\Lib\site-packages\telegram\ext\_utils\networkloop.py", line 127, in do_action
    action_cb_task.result()
  File "C:\Users\salig\PycharmProjects\wallet\.venv\Lib\site-packages\telegram\ext\_updater.py", line 340, in polling_action_cb
    updates = await self.bot.get_updates(
              ^^^^^^^^^^^^^^^^^^^^^^^^^^^
  File "C:\Users\salig\PycharmProjects\wallet\.venv\Lib\site-packages\telegram\ext\_extbot.py", line 676, in get_updates
    updates = await super().get_updates(
              ^^^^^^^^^^^^^^^^^^^^^^^^^^
  File "C:\Users\salig\PycharmProjects\wallet\.venv\Lib\site-packages\telegram\_bot.py", line 4780, in get_updates
    await self._post(
  File "C:\Users\salig\PycharmProjects\wallet\.venv\Lib\site-packages\telegram\_bot.py", line 703, in _post
    return await self._do_post(
           ^^^^^^^^^^^^^^^^^^^^
  File "C:\Users\salig\PycharmProjects\wallet\.venv\Lib\site-packages\telegram\ext\_extbot.py", line 372, in _do_post
    return await super()._do_post(
           ^^^^^^^^^^^^^^^^^^^^^^^
  File "C:\Users\salig\PycharmProjects\wallet\.venv\Lib\site-packages\telegram\_bot.py", line 732, in _do_post
    result = await request.post(
             ^^^^^^^^^^^^^^^^^^^
  File "C:\Users\salig\PycharmProjects\wallet\.venv\Lib\site-packages\telegram\request\_baserequest.py", line 198, in post
    result = await self._request_wrapper(
             ^^^^^^^^^^^^^^^^^^^^^^^^^^^^
  File "C:\Users\salig\PycharmProjects\wallet\.venv\Lib\site-packages\telegram\request\_baserequest.py", line 375, in _request_wrapper
    raise exception
telegram.error.Conflict: Conflict: terminated by other getUpdates request; make sure that only one bot instance is running
2025-12-18 15:17:59,413 - httpx - INFO - HTTP Request: POST https://api.telegram.org/bot8298002084:AAGv1V8mWeBfuJbTNBILyE5vtUTvg54Luhk/getUpdates "HTTP/1.1 409 Conflict"
2025-12-18 15:17:59,423 - telegram.ext.Application - ERROR - No error handlers are registered, logging exception.
Traceback (most recent call last):
  File "C:\Users\salig\PycharmProjects\wallet\.venv\Lib\site-packages\telegram\ext\_utils\networkloop.py", line 134, in network_retry_loop
    await do_action()
  File "C:\Users\salig\PycharmProjects\wallet\.venv\Lib\site-packages\telegram\ext\_utils\networkloop.py", line 127, in do_action
    action_cb_task.result()
  File "C:\Users\salig\PycharmProjects\wallet\.venv\Lib\site-packages\telegram\ext\_updater.py", line 340, in polling_action_cb
    updates = await self.bot.get_updates(
              ^^^^^^^^^^^^^^^^^^^^^^^^^^^
  File "C:\Users\salig\PycharmProjects\wallet\.venv\Lib\site-packages\telegram\ext\_extbot.py", line 676, in get_updates
    updates = await super().get_updates(
              ^^^^^^^^^^^^^^^^^^^^^^^^^^
  File "C:\Users\salig\PycharmProjects\wallet\.venv\Lib\site-packages\telegram\_bot.py", line 4780, in get_updates
    await self._post(
  File "C:\Users\salig\PycharmProjects\wallet\.venv\Lib\site-packages\telegram\_bot.py", line 703, in _post
    return await self._do_post(
           ^^^^^^^^^^^^^^^^^^^^
  File "C:\Users\salig\PycharmProjects\wallet\.venv\Lib\site-packages\telegram\ext\_extbot.py", line 372, in _do_post
    return await super()._do_post(
           ^^^^^^^^^^^^^^^^^^^^^^^
  File "C:\Users\salig\PycharmProjects\wallet\.venv\Lib\site-packages\telegram\_bot.py", line 732, in _do_post
    result = await request.post(
             ^^^^^^^^^^^^^^^^^^^
  File "C:\Users\salig\PycharmProjects\wallet\.venv\Lib\site-packages\telegram\request\_baserequest.py", line 198, in post
    result = await self._request_wrapper(
             ^^^^^^^^^^^^^^^^^^^^^^^^^^^^
  File "C:\Users\salig\PycharmProjects\wallet\.venv\Lib\site-packages\telegram\request\_baserequest.py", line 375, in _request_wrapper
    raise exception
telegram.error.Conflict: Conflict: terminated by other getUpdates request; make sure that only one bot instance is running
2025-12-18 15:18:08,033 - httpx - INFO - HTTP Request: POST https://api.telegram.org/bot8298002084:AAGv1V8mWeBfuJbTNBILyE5vtUTvg54Luhk/getUpdates "HTTP/1.1 409 Conflict"
2025-12-18 15:18:08,035 - telegram.ext.Application - ERROR - No error handlers are registered, logging exception.
Traceback (most recent call last):
  File "C:\Users\salig\PycharmProjects\wallet\.venv\Lib\site-packages\telegram\ext\_utils\networkloop.py", line 134, in network_retry_loop
    await do_action()
  File "C:\Users\salig\PycharmProjects\wallet\.venv\Lib\site-packages\telegram\ext\_utils\networkloop.py", line 127, in do_action
    action_cb_task.result()
  File "C:\Users\salig\PycharmProjects\wallet\.venv\Lib\site-packages\telegram\ext\_updater.py", line 340, in polling_action_cb
    updates = await self.bot.get_updates(
              ^^^^^^^^^^^^^^^^^^^^^^^^^^^
  File "C:\Users\salig\PycharmProjects\wallet\.venv\Lib\site-packages\telegram\ext\_extbot.py", line 676, in get_updates
    updates = await super().get_updates(
              ^^^^^^^^^^^^^^^^^^^^^^^^^^
  File "C:\Users\salig\PycharmProjects\wallet\.venv\Lib\site-packages\telegram\_bot.py", line 4780, in get_updates
    await self._post(
  File "C:\Users\salig\PycharmProjects\wallet\.venv\Lib\site-packages\telegram\_bot.py", line 703, in _post
    return await self._do_post(
           ^^^^^^^^^^^^^^^^^^^^
  File "C:\Users\salig\PycharmProjects\wallet\.venv\Lib\site-packages\telegram\ext\_extbot.py", line 372, in _do_post
    return await super()._do_post(
           ^^^^^^^^^^^^^^^^^^^^^^^
  File "C:\Users\salig\PycharmProjects\wallet\.venv\Lib\site-packages\telegram\_bot.py", line 732, in _do_post
    result = await request.post(
             ^^^^^^^^^^^^^^^^^^^
  File "C:\Users\salig\PycharmProjects\wallet\.venv\Lib\site-packages\telegram\request\_baserequest.py", line 198, in post
    result = await self._request_wrapper(
             ^^^^^^^^^^^^^^^^^^^^^^^^^^^^
  File "C:\Users\salig\PycharmProjects\wallet\.venv\Lib\site-packages\telegram\request\_baserequest.py", line 375, in _request_wrapper
    raise exception
telegram.error.Conflict: Conflict: terminated by other getUpdates request; make sure that only one bot instance is running
2025-12-18 15:18:17,290 - httpx - INFO - HTTP Request: POST https://api.telegram.org/bot8298002084:AAGv1V8mWeBfuJbTNBILyE5vtUTvg54Luhk/getUpdates "HTTP/1.1 409 Conflict"
2025-12-18 15:18:17,292 - telegram.ext.Application - ERROR - No error handlers are registered, logging exception.
Traceback (most recent call last):
  File "C:\Users\salig\PycharmProjects\wallet\.venv\Lib\site-packages\telegram\ext\_utils\networkloop.py", line 134, in network_retry_loop
    await do_action()
  File "C:\Users\salig\PycharmProjects\wallet\.venv\Lib\site-packages\telegram\ext\_utils\networkloop.py", line 127, in do_action
    action_cb_task.result()
  File "C:\Users\salig\PycharmProjects\wallet\.venv\Lib\site-packages\telegram\ext\_updater.py", line 340, in polling_action_cb
    updates = await self.bot.get_updates(
              ^^^^^^^^^^^^^^^^^^^^^^^^^^^
  File "C:\Users\salig\PycharmProjects\wallet\.venv\Lib\site-packages\telegram\ext\_extbot.py", line 676, in get_updates
    updates = await super().get_updates(
              ^^^^^^^^^^^^^^^^^^^^^^^^^^
  File "C:\Users\salig\PycharmProjects\wallet\.venv\Lib\site-packages\telegram\_bot.py", line 4780, in get_updates
    await self._post(
  File "C:\Users\salig\PycharmProjects\wallet\.venv\Lib\site-packages\telegram\_bot.py", line 703, in _post
    return await self._do_post(
           ^^^^^^^^^^^^^^^^^^^^
  File "C:\Users\salig\PycharmProjects\wallet\.venv\Lib\site-packages\telegram\ext\_extbot.py", line 372, in _do_post
    return await super()._do_post(
           ^^^^^^^^^^^^^^^^^^^^^^^
  File "C:\Users\salig\PycharmProjects\wallet\.venv\Lib\site-packages\telegram\_bot.py", line 732, in _do_post
    result = await request.post(
             ^^^^^^^^^^^^^^^^^^^
  File "C:\Users\salig\PycharmProjects\wallet\.venv\Lib\site-packages\telegram\request\_baserequest.py", line 198, in post
    result = await self._request_wrapper(
             ^^^^^^^^^^^^^^^^^^^^^^^^^^^^
  File "C:\Users\salig\PycharmProjects\wallet\.venv\Lib\site-packages\telegram\request\_baserequest.py", line 375, in _request_wrapper
    raise exception
telegram.error.Conflict: Conflict: terminated by other getUpdates request; make sure that only one bot instance is running
2025-12-18 15:18:29,077 - httpx - INFO - HTTP Request: POST https://api.telegram.org/bot8298002084:AAGv1V8mWeBfuJbTNBILyE5vtUTvg54Luhk/getUpdates "HTTP/1.1 409 Conflict"
2025-12-18 15:18:29,082 - telegram.ext.Application - ERROR - No error handlers are registered, logging exception.
Traceback (most recent call last):
  File "C:\Users\salig\PycharmProjects\wallet\.venv\Lib\site-packages\telegram\ext\_utils\networkloop.py", line 134, in network_retry_loop
    await do_action()
  File "C:\Users\salig\PycharmProjects\wallet\.venv\Lib\site-packages\telegram\ext\_utils\networkloop.py", line 127, in do_action
    action_cb_task.result()
  File "C:\Users\salig\PycharmProjects\wallet\.venv\Lib\site-packages\telegram\ext\_updater.py", line 340, in polling_action_cb
    updates = await self.bot.get_updates(
              ^^^^^^^^^^^^^^^^^^^^^^^^^^^
  File "C:\Users\salig\PycharmProjects\wallet\.venv\Lib\site-packages\telegram\ext\_extbot.py", line 676, in get_updates
    updates = await super().get_updates(
              ^^^^^^^^^^^^^^^^^^^^^^^^^^
  File "C:\Users\salig\PycharmProjects\wallet\.venv\Lib\site-packages\telegram\_bot.py", line 4780, in get_updates
    await self._post(
  File "C:\Users\salig\PycharmProjects\wallet\.venv\Lib\site-packages\telegram\_bot.py", line 703, in _post
    return await self._do_post(
           ^^^^^^^^^^^^^^^^^^^^
  File "C:\Users\salig\PycharmProjects\wallet\.venv\Lib\site-packages\telegram\ext\_extbot.py", line 372, in _do_post
    return await super()._do_post(
           ^^^^^^^^^^^^^^^^^^^^^^^
  File "C:\Users\salig\PycharmProjects\wallet\.venv\Lib\site-packages\telegram\_bot.py", line 732, in _do_post
    result = await request.post(
             ^^^^^^^^^^^^^^^^^^^
  File "C:\Users\salig\PycharmProjects\wallet\.venv\Lib\site-packages\telegram\request\_baserequest.py", line 198, in post
    result = await self._request_wrapper(
             ^^^^^^^^^^^^^^^^^^^^^^^^^^^^
  File "C:\Users\salig\PycharmProjects\wallet\.venv\Lib\site-packages\telegram\request\_baserequest.py", line 375, in _request_wrapper
    raise exception
telegram.error.Conflict: Conflict: terminated by other getUpdates request; make sure that only one bot instance is running
2025-12-18 15:18:40,590 - httpx - INFO - HTTP Request: POST https://api.telegram.org/bot8298002084:AAGv1V8mWeBfuJbTNBILyE5vtUTvg54Luhk/getUpdates "HTTP/1.1 200 OK"
2025-12-18 15:18:40,592 - telegram.ext.Application - INFO - Application is stopping. This might take a moment.
2025-12-18 15:18:40,592 - telegram.ext.Application - INFO - Application.stop() complete
2025-12-18 15:21:21,613 - __main__ - INFO - Запуск бота...
2025-12-18 15:21:22,432 - httpx - INFO - HTTP Request: POST https://api.telegram.org/bot8298002084:AAGv1V8mWeBfuJbTNBILyE5vtUTvg54Luhk/getMe "HTTP/1.1 200 OK"
2025-12-18 15:21:22,478 - httpx - INFO - HTTP Request: POST https://api.telegram.org/bot8298002084:AAGv1V8mWeBfuJbTNBILyE5vtUTvg54Luhk/deleteWebhook "HTTP/1.1 200 OK"
2025-12-18 15:21:22,482 - telegram.ext.Application - INFO - Application started
2025-12-18 15:21:26,641 - httpx - INFO - HTTP Request: POST https://api.telegram.org/bot8298002084:AAGv1V8mWeBfuJbTNBILyE5vtUTvg54Luhk/getUpdates "HTTP/1.1 409 Conflict"
2025-12-18 15:21:26,642 - telegram.ext.Application - ERROR - No error handlers are registered, logging exception.
Traceback (most recent call last):
  File "C:\Users\salig\PycharmProjects\wallet\.venv\Lib\site-packages\telegram\ext\_utils\networkloop.py", line 134, in network_retry_loop
    await do_action()
  File "C:\Users\salig\PycharmProjects\wallet\.venv\Lib\site-packages\telegram\ext\_utils\networkloop.py", line 127, in do_action
    action_cb_task.result()
  File "C:\Users\salig\PycharmProjects\wallet\.venv\Lib\site-packages\telegram\ext\_updater.py", line 340, in polling_action_cb
    updates = await self.bot.get_updates(
              ^^^^^^^^^^^^^^^^^^^^^^^^^^^
  File "C:\Users\salig\PycharmProjects\wallet\.venv\Lib\site-packages\telegram\ext\_extbot.py", line 676, in get_updates
    updates = await super().get_updates(
              ^^^^^^^^^^^^^^^^^^^^^^^^^^
  File "C:\Users\salig\PycharmProjects\wallet\.venv\Lib\site-packages\telegram\_bot.py", line 4780, in get_updates
    await self._post(
  File "C:\Users\salig\PycharmProjects\wallet\.venv\Lib\site-packages\telegram\_bot.py", line 703, in _post
    return await self._do_post(
           ^^^^^^^^^^^^^^^^^^^^
  File "C:\Users\salig\PycharmProjects\wallet\.venv\Lib\site-packages\telegram\ext\_extbot.py", line 372, in _do_post
    return await super()._do_post(
           ^^^^^^^^^^^^^^^^^^^^^^^
  File "C:\Users\salig\PycharmProjects\wallet\.venv\Lib\site-packages\telegram\_bot.py", line 732, in _do_post
    result = await request.post(
             ^^^^^^^^^^^^^^^^^^^
  File "C:\Users\salig\PycharmProjects\wallet\.venv\Lib\site-packages\telegram\request\_baserequest.py", line 198, in post
    result = await self._request_wrapper(
             ^^^^^^^^^^^^^^^^^^^^^^^^^^^^
  File "C:\Users\salig\PycharmProjects\wallet\.venv\Lib\site-packages\telegram\request\_baserequest.py", line 375, in _request_wrapper
    raise exception
telegram.error.Conflict: Conflict: terminated by other getUpdates request; make sure that only one bot instance is running
2025-12-18 15:21:32,250 - httpx - INFO - HTTP Request: POST https://api.telegram.org/bot8298002084:AAGv1V8mWeBfuJbTNBILyE5vtUTvg54Luhk/getUpdates "HTTP/1.1 409 Conflict"
2025-12-18 15:21:32,254 - telegram.ext.Application - ERROR - No error handlers are registered, logging exception.
Traceback (most recent call last):
  File "C:\Users\salig\PycharmProjects\wallet\.venv\Lib\site-packages\telegram\ext\_utils\networkloop.py", line 134, in network_retry_loop
    await do_action()
  File "C:\Users\salig\PycharmProjects\wallet\.venv\Lib\site-packages\telegram\ext\_utils\networkloop.py", line 127, in do_action
    action_cb_task.result()
  File "C:\Users\salig\PycharmProjects\wallet\.venv\Lib\site-packages\telegram\ext\_updater.py", line 340, in polling_action_cb
    updates = await self.bot.get_updates(
              ^^^^^^^^^^^^^^^^^^^^^^^^^^^
  File "C:\Users\salig\PycharmProjects\wallet\.venv\Lib\site-packages\telegram\ext\_extbot.py", line 676, in get_updates
    updates = await super().get_updates(
              ^^^^^^^^^^^^^^^^^^^^^^^^^^
  File "C:\Users\salig\PycharmProjects\wallet\.venv\Lib\site-packages\telegram\_bot.py", line 4780, in get_updates
    await self._post(
  File "C:\Users\salig\PycharmProjects\wallet\.venv\Lib\site-packages\telegram\_bot.py", line 703, in _post
    return await self._do_post(
           ^^^^^^^^^^^^^^^^^^^^
  File "C:\Users\salig\PycharmProjects\wallet\.venv\Lib\site-packages\telegram\ext\_extbot.py", line 372, in _do_post
    return await super()._do_post(
           ^^^^^^^^^^^^^^^^^^^^^^^
  File "C:\Users\salig\PycharmProjects\wallet\.venv\Lib\site-packages\telegram\_bot.py", line 732, in _do_post
    result = await request.post(
             ^^^^^^^^^^^^^^^^^^^
  File "C:\Users\salig\PycharmProjects\wallet\.venv\Lib\site-packages\telegram\request\_baserequest.py", line 198, in post
    result = await self._request_wrapper(
             ^^^^^^^^^^^^^^^^^^^^^^^^^^^^
  File "C:\Users\salig\PycharmProjects\wallet\.venv\Lib\site-packages\telegram\request\_baserequest.py", line 375, in _request_wrapper
    raise exception
telegram.error.Conflict: Conflict: terminated by other getUpdates request; make sure that only one bot instance is running
2025-12-18 15:21:39,099 - httpx - INFO - HTTP Request: POST https://api.telegram.org/bot8298002084:AAGv1V8mWeBfuJbTNBILyE5vtUTvg54Luhk/getUpdates "HTTP/1.1 409 Conflict"
2025-12-18 15:21:39,101 - telegram.ext.Application - ERROR - No error handlers are registered, logging exception.
Traceback (most recent call last):
  File "C:\Users\salig\PycharmProjects\wallet\.venv\Lib\site-packages\telegram\ext\_utils\networkloop.py", line 134, in network_retry_loop
    await do_action()
  File "C:\Users\salig\PycharmProjects\wallet\.venv\Lib\site-packages\telegram\ext\_utils\networkloop.py", line 127, in do_action
    action_cb_task.result()
  File "C:\Users\salig\PycharmProjects\wallet\.venv\Lib\site-packages\telegram\ext\_updater.py", line 340, in polling_action_cb
    updates = await self.bot.get_updates(
              ^^^^^^^^^^^^^^^^^^^^^^^^^^^
  File "C:\Users\salig\PycharmProjects\wallet\.venv\Lib\site-packages\telegram\ext\_extbot.py", line 676, in get_updates
    updates = await super().get_updates(
              ^^^^^^^^^^^^^^^^^^^^^^^^^^
  File "C:\Users\salig\PycharmProjects\wallet\.venv\Lib\site-packages\telegram\_bot.py", line 4780, in get_updates
    await self._post(
  File "C:\Users\salig\PycharmProjects\wallet\.venv\Lib\site-packages\telegram\_bot.py", line 703, in _post
    return await self._do_post(
           ^^^^^^^^^^^^^^^^^^^^
  File "C:\Users\salig\PycharmProjects\wallet\.venv\Lib\site-packages\telegram\ext\_extbot.py", line 372, in _do_post
    return await super()._do_post(
           ^^^^^^^^^^^^^^^^^^^^^^^
  File "C:\Users\salig\PycharmProjects\wallet\.venv\Lib\site-packages\telegram\_bot.py", line 732, in _do_post
    result = await request.post(
             ^^^^^^^^^^^^^^^^^^^
  File "C:\Users\salig\PycharmProjects\wallet\.venv\Lib\site-packages\telegram\request\_baserequest.py", line 198, in post
    result = await self._request_wrapper(
             ^^^^^^^^^^^^^^^^^^^^^^^^^^^^
  File "C:\Users\salig\PycharmProjects\wallet\.venv\Lib\site-packages\telegram\request\_baserequest.py", line 375, in _request_wrapper
    raise exception
telegram.error.Conflict: Conflict: terminated by other getUpdates request; make sure that only one bot instance is running
2025-12-18 15:21:44,812 - httpx - INFO - HTTP Request: POST https://api.telegram.org/bot8298002084:AAGv1V8mWeBfuJbTNBILyE5vtUTvg54Luhk/getUpdates "HTTP/1.1 409 Conflict"
2025-12-18 15:21:44,814 - telegram.ext.Application - ERROR - No error handlers are registered, logging exception.
Traceback (most recent call last):
  File "C:\Users\salig\PycharmProjects\wallet\.venv\Lib\site-packages\telegram\ext\_utils\networkloop.py", line 134, in network_retry_loop
    await do_action()
  File "C:\Users\salig\PycharmProjects\wallet\.venv\Lib\site-packages\telegram\ext\_utils\networkloop.py", line 127, in do_action
    action_cb_task.result()
  File "C:\Users\salig\PycharmProjects\wallet\.venv\Lib\site-packages\telegram\ext\_updater.py", line 340, in polling_action_cb
    updates = await self.bot.get_updates(
              ^^^^^^^^^^^^^^^^^^^^^^^^^^^
  File "C:\Users\salig\PycharmProjects\wallet\.venv\Lib\site-packages\telegram\ext\_extbot.py", line 676, in get_updates
    updates = await super().get_updates(
              ^^^^^^^^^^^^^^^^^^^^^^^^^^
  File "C:\Users\salig\PycharmProjects\wallet\.venv\Lib\site-packages\telegram\_bot.py", line 4780, in get_updates
    await self._post(
  File "C:\Users\salig\PycharmProjects\wallet\.venv\Lib\site-packages\telegram\_bot.py", line 703, in _post
    return await self._do_post(
           ^^^^^^^^^^^^^^^^^^^^
  File "C:\Users\salig\PycharmProjects\wallet\.venv\Lib\site-packages\telegram\ext\_extbot.py", line 372, in _do_post
    return await super()._do_post(
           ^^^^^^^^^^^^^^^^^^^^^^^
  File "C:\Users\salig\PycharmProjects\wallet\.venv\Lib\site-packages\telegram\_bot.py", line 732, in _do_post
    result = await request.post(
             ^^^^^^^^^^^^^^^^^^^
  File "C:\Users\salig\PycharmProjects\wallet\.venv\Lib\site-packages\telegram\request\_baserequest.py", line 198, in post
    result = await self._request_wrapper(
             ^^^^^^^^^^^^^^^^^^^^^^^^^^^^
  File "C:\Users\salig\PycharmProjects\wallet\.venv\Lib\site-packages\telegram\request\_baserequest.py", line 375, in _request_wrapper
    raise exception
telegram.error.Conflict: Conflict: terminated by other getUpdates request; make sure that only one bot instance is running
2025-12-18 15:21:48,235 - httpx - INFO - HTTP Request: POST https://api.telegram.org/bot8298002084:AAGv1V8mWeBfuJbTNBILyE5vtUTvg54Luhk/getUpdates "HTTP/1.1 200 OK"
2025-12-18 15:21:48,236 - telegram.ext.Application - INFO - Application is stopping. This might take a moment.
2025-12-18 15:21:48,237 - telegram.ext.Application - INFO - Application.stop() complete
