2025-12-16 13:30:02,633 - __main__ - INFO - Запуск бота...
2025-12-16 13:30:03,653 - httpx - INFO - HTTP Request: POST https://api.telegram.org/bot8298002084:AAGv1V8mWeBfuJbTNBILyE5vtUTvg54Luhk/getMe "HTTP/1.1 200 OK"
2025-12-16 13:30:03,707 - httpx - INFO - HTTP Request: POST https://api.telegram.org/bot8298002084:AAGv1V8mWeBfuJbTNBILyE5vtUTvg54Luhk/deleteWebhook "HTTP/1.1 200 OK"
2025-12-16 13:30:03,711 - telegram.ext.Application - INFO - Application started
2025-12-16 13:30:13,190 - httpx - INFO - HTTP Request: POST https://api.telegram.org/bot8298002084:AAGv1V8mWeBfuJbTNBILyE5vtUTvg54Luhk/getUpdates "HTTP/1.1 200 OK"
2025-12-16 13:30:13,344 - httpx - INFO - HTTP Request: POST https://api.telegram.org/bot8298002084:AAGv1V8mWeBfuJbTNBILyE5vtUTvg54Luhk/sendMessage "HTTP/1.1 200 OK"
2025-12-16 13:30:13,399 - httpx - INFO - HTTP Request: POST https://api.telegram.org/bot8298002084:AAGv1V8mWeBfuJbTNBILyE5vtUTvg54Luhk/editMessageText "HTTP/1.1 400 Bad Request"
2025-12-16 13:30:13,475 - httpx - INFO - HTTP Request: POST https://api.telegram.org/bot8298002084:AAGv1V8mWeBfuJbTNBILyE5vtUTvg54Luhk/sendMessage "HTTP/1.1 200 OK"
2025-12-16 13:30:13,530 - httpx - INFO - HTTP Request: POST https://api.telegram.org/bot8298002084:AAGv1V8mWeBfuJbTNBILyE5vtUTvg54Luhk/editMessageText "HTTP/1.1 200 OK"
2025-12-16 13:30:13,580 - httpx - INFO - HTTP Request: POST https://api.telegram.org/bot8298002084:AAGv1V8mWeBfuJbTNBILyE5vtUTvg54Luhk/editMessageText "HTTP/1.1 400 Bad Request"
2025-12-16 13:30:13,654 - httpx - INFO - HTTP Request: POST https://api.telegram.org/bot8298002084:AAGv1V8mWeBfuJbTNBILyE5vtUTvg54Luhk/sendMessage "HTTP/1.1 200 OK"
2025-12-16 13:30:16,331 - httpx - INFO - HTTP Request: POST https://api.telegram.org/bot8298002084:AAGv1V8mWeBfuJbTNBILyE5vtUTvg54Luhk/getUpdates "HTTP/1.1 200 OK"
2025-12-16 13:30:16,400 - httpx - INFO - HTTP Request: POST https://api.telegram.org/bot8298002084:AAGv1V8mWeBfuJbTNBILyE5vtUTvg54Luhk/sendMessage "HTTP/1.1 200 OK"
2025-12-16 13:30:26,370 - httpx - INFO - HTTP Request: POST https://api.telegram.org/bot8298002084:AAGv1V8mWeBfuJbTNBILyE5vtUTvg54Luhk/getUpdates "HTTP/1.1 200 OK"
2025-12-16 13:30:36,408 - httpx - INFO - HTTP Request: POST https://api.telegram.org/bot8298002084:AAGv1V8mWeBfuJbTNBILyE5vtUTvg54Luhk/getUpdates "HTTP/1.1 200 OK"
2025-12-16 13:30:46,447 - httpx - INFO - HTTP Request: POST https://api.telegram.org/bot8298002084:AAGv1V8mWeBfuJbTNBILyE5vtUTvg54Luhk/getUpdates "HTTP/1.1 200 OK"
2025-12-16 13:30:56,482 - httpx - INFO - HTTP Request: POST https://api.telegram.org/bot8298002084:AAGv1V8mWeBfuJbTNBILyE5vtUTvg54Luhk/getUpdates "HTTP/1.1 200 OK"
2025-12-16 13:31:05,069 - httpx - INFO - HTTP Request: POST https://api.telegram.org/bot8298002084:AAGv1V8mWeBfuJbTNBILyE5vtUTvg54Luhk/getUpdates "HTTP/1.1 200 OK"
2025-12-16 13:31:05,251 - httpx - INFO - HTTP Request: POST https://api.telegram.org/bot8298002084:AAGv1V8mWeBfuJbTNBILyE5vtUTvg54Luhk/sendMessage "HTTP/1.1 200 OK"
2025-12-16 13:31:10,344 - httpx - INFO - HTTP Request: POST https://api.telegram.org/bot8298002084:AAGv1V8mWeBfuJbTNBILyE5vtUTvg54Luhk/getUpdates "HTTP/1.1 200 OK"
2025-12-16 13:31:10,486 - httpx - INFO - HTTP Request: POST https://api.telegram.org/bot8298002084:AAGv1V8mWeBfuJbTNBILyE5vtUTvg54Luhk/sendMessage "HTTP/1.1 200 OK"
2025-12-16 13:31:13,891 - httpx - INFO - HTTP Request: POST https://api.telegram.org/bot8298002084:AAGv1V8mWeBfuJbTNBILyE5vtUTvg54Luhk/getUpdates "HTTP/1.1 200 OK"
2025-12-16 13:31:13,989 - httpx - INFO - HTTP Request: POST https://api.telegram.org/bot8298002084:AAGv1V8mWeBfuJbTNBILyE5vtUTvg54Luhk/sendMessage "HTTP/1.1 200 OK"
2025-12-16 13:31:23,928 - httpx - INFO - HTTP Request: POST https://api.telegram.org/bot8298002084:AAGv1V8mWeBfuJbTNBILyE5vtUTvg54Luhk/getUpdates "HTTP/1.1 200 OK"
2025-12-16 13:31:33,968 - httpx - INFO - HTTP Request: POST https://api.telegram.org/bot8298002084:AAGv1V8mWeBfuJbTNBILyE5vtUTvg54Luhk/getUpdates "HTTP/1.1 200 OK"
2025-12-16 13:31:44,011 - httpx - INFO - HTTP Request: POST https://api.telegram.org/bot8298002084:AAGv1V8mWeBfuJbTNBILyE5vtUTvg54Luhk/getUpdates "HTTP/1.1 200 OK"
2025-12-16 13:31:54,045 - httpx - INFO - HTTP Request: POST https://api.telegram.org/bot8298002084:AAGv1V8mWeBfuJbTNBILyE5vtUTvg54Luhk/getUpdates "HTTP/1.1 200 OK"
2025-12-16 13:32:04,081 - httpx - INFO - HTTP Request: POST https://api.telegram.org/bot8298002084:AAGv1V8mWeBfuJbTNBILyE5vtUTvg54Luhk/getUpdates "HTTP/1.1 200 OK"
2025-12-16 13:32:14,117 - httpx - INFO - HTTP Request: POST https://api.telegram.org/bot8298002084:AAGv1V8mWeBfuJbTNBILyE5vtUTvg54Luhk/getUpdates "HTTP/1.1 200 OK"
2025-12-16 13:32:24,152 - httpx - INFO - HTTP Request: POST https://api.telegram.org/bot8298002084:AAGv1V8mWeBfuJbTNBILyE5vtUTvg54Luhk/getUpdates "HTTP/1.1 200 OK"
2025-12-16 13:32:34,189 - httpx - INFO - HTTP Request: POST https://api.telegram.org/bot8298002084:AAGv1V8mWeBfuJbTNBILyE5vtUTvg54Luhk/getUpdates "HTTP/1.1 200 OK"
2025-12-16 13:32:44,246 - httpx - INFO - HTTP Request: POST https://api.telegram.org/bot8298002084:AAGv1V8mWeBfuJbTNBILyE5vtUTvg54Luhk/getUpdates "HTTP/1.1 200 OK"
2025-12-16 13:32:54,295 - httpx - INFO - HTTP Request: POST https://api.telegram.org/bot8298002084:AAGv1V8mWeBfuJbTNBILyE5vtUTvg54Luhk/getUpdates "HTTP/1.1 200 OK"
2025-12-16 13:33:02,177 - httpx - INFO - HTTP Request: POST https://api.telegram.org/bot8298002084:AAGv1V8mWeBfuJbTNBILyE5vtUTvg54Luhk/getUpdates "HTTP/1.1 200 OK"
2025-12-16 13:33:02,178 - telegram.ext.Application - INFO - Application is stopping. This might take a moment.
2025-12-16 13:33:02,178 - telegram.ext.Application - INFO - Application.stop() complete
